
 /----------------------------------------------------------------------------\
 |                                                                            |
 |  yosys -- Yosys Open SYnthesis Suite                                       |
 |                                                                            |
 |  Copyright (C) 2012 - 2020  Claire Wolf <claire@symbioticeda.com>          |
 |                                                                            |
 |  Permission to use, copy, modify, and/or distribute this software for any  |
 |  purpose with or without fee is hereby granted, provided that the above    |
 |  copyright notice and this permission notice appear in all copies.         |
 |                                                                            |
 |  THE SOFTWARE IS PROVIDED "AS IS" AND THE AUTHOR DISCLAIMS ALL WARRANTIES  |
 |  WITH REGARD TO THIS SOFTWARE INCLUDING ALL IMPLIED WARRANTIES OF          |
 |  MERCHANTABILITY AND FITNESS. IN NO EVENT SHALL THE AUTHOR BE LIABLE FOR   |
 |  ANY SPECIAL, DIRECT, INDIRECT, OR CONSEQUENTIAL DAMAGES OR ANY DAMAGES    |
 |  WHATSOEVER RESULTING FROM LOSS OF USE, DATA OR PROFITS, WHETHER IN AN     |
 |  ACTION OF CONTRACT, NEGLIGENCE OR OTHER TORTIOUS ACTION, ARISING OUT OF   |
 |  OR IN CONNECTION WITH THE USE OR PERFORMANCE OF THIS SOFTWARE.            |
 |                                                                            |
 \----------------------------------------------------------------------------/

 Yosys 0.9+2406 (git sha1 95fb3cf, clang 3.4.2 -fPIC -Os)


-- Executing script file `design_smt2.ys' --

1. Executing ILANG frontend.
Input filename: design.il

2. Printing statistics.

=== gcd_ctrl ===

   Number of wires:                 21
   Number of wire bits:             29
   Number of public wires:          10
   Number of public wire bits:      12
   Number of memories:               0
   Number of memory bits:            0
   Number of processes:              0
   Number of cells:                 16
     $anyseq                         1
     $dff                            1
     $eq                             6
     $logic_and                      1
     $logic_not                      1
     $mux                            5
     $pmux                           1

=== gcd ===

   Number of wires:                 50
   Number of wire bits:            484
   Number of public wires:          14
   Number of public wire bits:     138
   Number of memories:               0
   Number of memory bits:            0
   Number of processes:              0
   Number of cells:                 47
     $anyseq                         3
     $assert                         1
     $cover                          4
     $dff                            8
     $eq                             1
     $logic_and                      2
     $logic_not                      5
     $lt                             1
     $mux                           18
     $or                             2
     $sub                            1
     gcd_ctrl                        1

=== design hierarchy ===

   gcd                               1
     gcd_ctrl                        1

   Number of wires:                 71
   Number of wire bits:            513
   Number of public wires:          24
   Number of public wire bits:     150
   Number of memories:               0
   Number of memory bits:            0
   Number of processes:              0
   Number of cells:                 62
     $anyseq                         4
     $assert                         1
     $cover                          4
     $dff                            9
     $eq                             7
     $logic_and                      3
     $logic_not                      6
     $lt                             1
     $mux                           23
     $or                             2
     $pmux                           1
     $sub                            1

3. Executing SMT2 backend.
Creating SMT-LIBv2 representation of module gcd_ctrl.
Creating SMT-LIBv2 representation of module gcd.

End of script. Logfile hash: 10e58d4140, CPU: user 0.01s system 0.00s, MEM: 4.30 MB peak
Yosys 0.9+2406 (git sha1 95fb3cf, clang 3.4.2 -fPIC -Os)
Time spent: 66% 2x write_smt2 (0 sec), 30% 2x read_ilang (0 sec), ...
